<?xml version="1.0" encoding="UTF-8"?>
<!-- Generated by org.testng.reporters.JUnitReportReporter -->
<testsuite hostname="DESKTOP-H2VGMRU" failures="0" tests="1" name="one.day.one.framesexample" time="69.180" errors="0" timestamp="2023-11-23T10:10:26 IST" skipped="0">
  <testcase classname="one.day.one.framesexample" name="testcase1" time="69.180"/>
  <system-out/>
</testsuite> <!-- one.day.one.framesexample -->
