<?xml version="1.0" encoding="UTF-8"?>
<!-- Generated by org.testng.reporters.JUnitReportReporter -->
<testsuite hostname="DESKTOP-H2VGMRU" failures="0" tests="1" name="one.day.one.draganddrop1" time="28.664" errors="0" timestamp="2023-11-23T10:10:26 IST" skipped="0">
  <testcase classname="one.day.one.draganddrop1" name="testcase2" time="28.664"/>
  <system-out/>
</testsuite> <!-- one.day.one.draganddrop1 -->
